<?xml version="1.0" encoding="UTF-8"?>
<testng-results skipped="0" failed="0" ignored="0" total="1" passed="1">
  <reporter-output>
  </reporter-output>
  <suite name="Default suite" duration-ms="106883" started-at="2020-06-30T21:32:05 IST" finished-at="2020-06-30T21:33:52 IST">
    <groups>
    </groups>
    <test name="Default test" duration-ms="106883" started-at="2020-06-30T21:32:05 IST" finished-at="2020-06-30T21:33:52 IST">
      <class name="com.training.sanity.tests.AddPost">
        <test-method status="PASS" signature="setUpBeforeClass()[pri:0, instance:com.training.sanity.tests.AddPost@50b494a6]" name="setUpBeforeClass" is-config="true" duration-ms="14" started-at="2020-06-30T21:32:05 IST" finished-at="2020-06-30T21:32:05 IST">
          <reporter-output>
          </reporter-output>
        </test-method> <!-- setUpBeforeClass -->
        <test-method status="PASS" signature="beforeMethod()[pri:0, instance:com.training.sanity.tests.AddPost@50b494a6]" name="beforeMethod" is-config="true" duration-ms="41327" started-at="2020-06-30T21:32:05 IST" finished-at="2020-06-30T21:32:46 IST">
          <reporter-output>
          </reporter-output>
        </test-method> <!-- beforeMethod -->
        <test-method status="PASS" signature="NewPost()[pri:0, instance:com.training.sanity.tests.AddPost@50b494a6]" name="NewPost" duration-ms="59713" started-at="2020-06-30T21:32:46 IST" finished-at="2020-06-30T21:33:46 IST">
          <reporter-output>
          </reporter-output>
        </test-method> <!-- NewPost -->
        <test-method status="PASS" signature="tearDown()[pri:0, instance:com.training.sanity.tests.AddPost@50b494a6]" name="tearDown" is-config="true" duration-ms="5771" started-at="2020-06-30T21:33:46 IST" finished-at="2020-06-30T21:33:52 IST">
          <reporter-output>
          </reporter-output>
        </test-method> <!-- tearDown -->
      </class> <!-- com.training.sanity.tests.AddPost -->
    </test> <!-- Default test -->
  </suite> <!-- Default suite -->
</testng-results>
