<?xml version="1.0" encoding="UTF-8"?>
<testng-results skipped="0" failed="0" ignored="0" total="1" passed="1">
  <reporter-output>
  </reporter-output>
  <suite name="Default suite" duration-ms="66533" started-at="2020-07-01T00:12:45 IST" finished-at="2020-07-01T00:13:51 IST">
    <groups>
    </groups>
    <test name="Default test" duration-ms="66533" started-at="2020-07-01T00:12:45 IST" finished-at="2020-07-01T00:13:51 IST">
      <class name="com.training.sanity.tests.CreateProperty">
        <test-method status="PASS" signature="setUpBeforeClass()[pri:0, instance:com.training.sanity.tests.CreateProperty@50b494a6]" name="setUpBeforeClass" is-config="true" duration-ms="17" started-at="2020-07-01T00:12:45 IST" finished-at="2020-07-01T00:12:45 IST">
          <reporter-output>
          </reporter-output>
        </test-method> <!-- setUpBeforeClass -->
        <test-method status="PASS" signature="beforeMethod()[pri:0, instance:com.training.sanity.tests.CreateProperty@50b494a6]" name="beforeMethod" is-config="true" duration-ms="21146" started-at="2020-07-01T00:12:45 IST" finished-at="2020-07-01T00:13:06 IST">
          <reporter-output>
          </reporter-output>
        </test-method> <!-- beforeMethod -->
        <test-method status="PASS" signature="CreatePropertyName()[pri:0, instance:com.training.sanity.tests.CreateProperty@50b494a6]" name="CreatePropertyName" duration-ms="39474" started-at="2020-07-01T00:13:06 IST" finished-at="2020-07-01T00:13:45 IST">
          <reporter-output>
          </reporter-output>
        </test-method> <!-- CreatePropertyName -->
        <test-method status="PASS" signature="tearDown()[pri:0, instance:com.training.sanity.tests.CreateProperty@50b494a6]" name="tearDown" is-config="true" duration-ms="5838" started-at="2020-07-01T00:13:45 IST" finished-at="2020-07-01T00:13:51 IST">
          <reporter-output>
          </reporter-output>
        </test-method> <!-- tearDown -->
      </class> <!-- com.training.sanity.tests.CreateProperty -->
    </test> <!-- Default test -->
  </suite> <!-- Default suite -->
</testng-results>
